<?xml version="1.0" encoding="utf-8"?><testsuites name="pytest tests"><testsuite name="pytest" errors="0" failures="0" skipped="0" tests="13" time="1.619" timestamp="2026-09-03T08:03:52.106262+00:00" hostname="agent-env-a24d1dc1-8c5f-4d9b-b559-5d7a7b94cb87"><testcase classname="tests.test_announcements" name="test_notifications_requires_auth" time="0.128" /><testcase classname="tests.test_announcements" name="test_notifications_returns_three_broadcasts" time="0.313" /><testcase classname="tests.test_announcements" name="test_no_mongo_object_id_leaked" time="0.042" /><testcase classname="tests.test_announcements" name="test_autumn_announcement_body_and_cta" time="0.044" /><testcase classname="tests.test_announcements" name="test_admin_list_announcements" time="0.313" /><testcase classname="tests.test_announcements" name="test_non_admin_forbidden_list" time="0.044" /><testcase classname="tests.test_announcements" name="test_non_admin_forbidden_create" time="0.043" /><testcase classname="tests.test_announcements" name="test_non_admin_forbidden_delete" time="0.136" /><testcase classname="tests.test_announcements" name="test_create_appears_in_list_and_notifications_then_delete" time="0.212" /><testcase classname="tests.test_announcements" name="test_create_invalid_category_falls_back" time="0.085" /><testcase classname="tests.test_announcements" name="test_create_empty_title_rejected" time="0.082" /><testcase classname="tests.test_announcements" name="test_delete_invalid_and_missing_id" time="0.083" /><testcase classname="tests.test_announcements" name="test_final_state_exactly_three" time="0.043" /></testsuite></testsuites>