<?xml version="1.0" encoding="utf-8"?><testsuites name="pytest tests"><testsuite name="pytest" errors="0" failures="0" skipped="0" tests="28" time="8.583" timestamp="2026-09-01T11:38:09.853943+00:00" hostname="agent-env-a24d1dc1-8c5f-4d9b-b559-5d7a7b94cb87"><testcase classname="tests.test_cinema.TestCinemaList" name="test_list_halls" time="1.314" /><testcase classname="tests.test_cinema.TestCinemaList" name="test_list_requires_auth" time="0.142" /><testcase classname="tests.test_cinema.TestCinemaList" name="test_invalid_hall_404" time="0.073" /><testcase classname="tests.test_cinema.TestCinemaList" name="test_hall_state_shape" time="0.077" /><testcase classname="tests.test_cinema.TestSeatPicking" name="test_free_user_golden_seat_rejected" time="0.139" /><testcase classname="tests.test_cinema.TestSeatPicking" name="test_free_user_normal_seat_ok_and_ticket" time="0.147" /><testcase classname="tests.test_cinema.TestSeatPicking" name="test_move_seat_frees_old" time="0.155" /><testcase classname="tests.test_cinema.TestSeatPicking" name="test_plus_user_can_pick_golden" time="0.550" /><testcase classname="tests.test_cinema.TestSeatPicking" name="test_seat_taken_by_other_409" time="0.632" /><testcase classname="tests.test_cinema.TestSeatPicking" name="test_nickname_visible_to_others" time="0.073" /><testcase classname="tests.test_cinema.TestSeatPicking" name="test_invalid_and_out_of_range_seats" time="0.218" /><testcase classname="tests.test_cinema.TestSeatPicking" name="test_closed_hall_rejects_seat" time="0.072" /><testcase classname="tests.test_cinema.TestSeatPicking" name="test_heartbeat_and_leave" time="0.361" /><testcase classname="tests.test_cinema.TestTickets" name="test_tickets_listing" time="0.071" /><testcase classname="tests.test_cinema.TestTickets" name="test_tickets_require_auth" time="0.130" /><testcase classname="tests.test_cinema.TestCinemaChat" name="test_post_and_get" time="0.172" /><testcase classname="tests.test_cinema.TestCinemaChat" name="test_chat_validation" time="0.178" /><testcase classname="tests.test_cinema.TestCinemaChat" name="test_chat_invalid_hall" time="0.077" /><testcase classname="tests.test_cinema.TestCinemaAdmin" name="test_admin_get_requires_admin" time="0.073" /><testcase classname="tests.test_cinema.TestCinemaAdmin" name="test_admin_get" time="0.072" /><testcase classname="tests.test_cinema.TestCinemaAdmin" name="test_lights_toggle" time="0.290" /><testcase classname="tests.test_cinema.TestCinemaAdmin" name="test_movie_ads_layout" time="0.370" /><testcase classname="tests.test_cinema.TestCinemaAdmin" name="test_live_transition_and_position" time="2.234" /><testcase classname="tests.test_cinema.TestCinemaAdmin" name="test_ended_and_reopen_clears_started_at" time="0.145" /><testcase classname="tests.test_cinema.TestCinemaAdmin" name="test_invalid_status_ignored" time="0.073" /><testcase classname="tests.test_cinema.TestCinemaAdmin" name="test_clear_seats" time="0.219" /><testcase classname="tests.test_cinema.TestCinemaAdmin" name="test_hall2_stays_closed" time="0.073" /><testcase classname="tests.test_cinema.TestCinemaAdmin" name="test_admin_invalid_hall" time="0.392" /></testsuite></testsuites>