<?xml version="1.0" encoding="utf-8"?><testsuites name="pytest tests"><testsuite name="pytest" errors="0" failures="0" skipped="0" tests="13" time="3.805" timestamp="2026-05-31T07:29:10.665563+00:00" hostname="agent-env-35db5060-412a-4ef9-90af-6ecd5956031e"><testcase classname="backend.tests.test_playlists.TestPlaylistsAuth" name="test_login_plus_user" time="0.442" /><testcase classname="backend.tests.test_playlists.TestPlaylistsAuth" name="test_me_returns_plus_subscription" time="0.106" /><testcase classname="backend.tests.test_playlists.TestPlaylistsCRUD" name="test_list_playlists_initial" time="0.103" /><testcase classname="backend.tests.test_playlists.TestPlaylistsCRUD" name="test_create_playlist" time="0.106" /><testcase classname="backend.tests.test_playlists.TestPlaylistsCRUD" name="test_add_single_episode" time="0.866" /><testcase classname="backend.tests.test_playlists.TestPlaylistsCRUD" name="test_add_same_episode_returns_already_added" time="0.111" /><testcase classname="backend.tests.test_playlists.TestPlaylistsCRUD" name="test_get_playlist_resolved_items" time="0.117" /><testcase classname="backend.tests.test_playlists.TestPlaylistsCRUD" name="test_add_cartoon_legacy_adds_all_episodes" time="0.315" /><testcase classname="backend.tests.test_playlists.TestPlaylistsCRUD" name="test_reorder_playlist" time="0.220" /><testcase classname="backend.tests.test_playlists.TestPlaylistsCRUD" name="test_delete_single_episode" time="0.219" /><testcase classname="backend.tests.test_playlists.TestPlaylistsCRUD" name="test_delete_playlist" time="0.355" /><testcase classname="backend.tests.test_playlists.TestPlaylistsFreeUser" name="test_free_user_list_returns_empty" time="0.662" /><testcase classname="backend.tests.test_playlists.TestPlaylistsFreeUser" name="test_free_user_create_forbidden" time="0.108" /></testsuite></testsuites>