<?xml version="1.0" encoding="utf-8"?><testsuites name="pytest tests"><testsuite name="pytest" errors="7" failures="10" skipped="0" tests="75" time="10.578" timestamp="2026-09-03T08:07:58.981543+00:00" hostname="agent-env-a24d1dc1-8c5f-4d9b-b559-5d7a7b94cb87"><testcase classname="tests.test_announcements" name="test_notifications_requires_auth" time="0.239" /><testcase classname="tests.test_rewards" name="test_rewards_requires_auth" time="0.153" /><testcase classname="tests.test_announcements" name="test_notifications_returns_three_broadcasts" time="0.703" /><testcase classname="tests.test_rewards" name="test_rewards_payload" time="0.851" /><testcase classname="tests.test_announcements" name="test_no_mongo_object_id_leaked" time="0.082" /><testcase classname="tests.test_rewards" name="test_admin_voucher_requires_admin" time="0.044" /><testcase classname="tests.test_announcements" name="test_autumn_announcement_body_and_cta" time="0.080" /><testcase classname="tests.test_rewards" name="test_create_points_voucher_format" time="0.547" /><testcase classname="tests.test_announcements" name="test_admin_list_announcements" time="0.548" /><testcase classname="tests.test_rewards" name="test_create_points_voucher_zero_points_rejected" time="0.082" /><testcase classname="tests.test_announcements" name="test_non_admin_forbidden_list" time="0.101" /><testcase classname="tests.test_rewards" name="test_create_voucher_bad_type" time="0.047" /><testcase classname="tests.test_rewards" name="test_create_specific_voucher_requires_email" time="0.137" /><testcase classname="tests.test_announcements" name="test_non_admin_forbidden_create" time="0.083" /><testcase classname="tests.test_announcements" name="test_non_admin_forbidden_delete" time="0.291" /><testcase classname="tests.test_rewards" name="test_create_specific_voucher_success" time="0.090" /><testcase classname="tests.test_rewards" name="test_redeem_invalid_code" time="0.041" /><testcase classname="tests.test_rewards" name="test_redeem_empty_code" time="0.082" /><testcase classname="tests.test_announcements" name="test_create_appears_in_list_and_notifications_then_delete" time="0.592" /><testcase classname="tests.test_rewards" name="test_redeem_points_voucher_and_reuse_guard" time="0.994" /><testcase classname="tests.test_announcements" name="test_create_invalid_category_falls_back" time="0.201" /><testcase classname="tests.test_announcements" name="test_create_empty_title_rejected" time="0.079" /><testcase classname="tests.test_announcements" name="test_delete_invalid_and_missing_id" time="0.168" /><testcase classname="tests.test_rewards" name="test_universal_max_uses_limit" time="0.217" /><testcase classname="tests.test_announcements" name="test_final_state_exactly_three" time="0.078" /><testcase classname="tests.test_rewards" name="test_specific_voucher_only_target" time="0.094" /><testcase classname="tests.test_rewards" name="test_plus_voucher_grants_plus" time="0.355" /><testcase classname="tests.backend_test" name="test_register_duplicate" time="0.219"><error message="failed on setup with &quot;AssertionError: {&quot;detail&quot;:&quot;Not Found&quot;}&#10;assert 404 == 200&#10; +  where 404 = &lt;Response [404]&gt;.status_code&quot;">E   AssertionError: {"detail":"Not Found"}
    assert 404 == 200
     +  where 404 = &lt;Response [404]&gt;.status_code</error></testcase><testcase classname="tests.test_rewards" name="test_inactive_voucher_rejected" time="0.539" /><testcase classname="tests.backend_test" name="test_login_admin" time="0.328"><error message="failed on setup with &quot;AssertionError: {&quot;detail&quot;:&quot;Email sau parolă incorectă&quot;}&#10;assert 401 == 200&#10; +  where 401 = &lt;Response [401]&gt;.status_code&quot;">E   AssertionError: {"detail":"Email sau parolă incorectă"}
    assert 401 == 200
     +  where 401 = &lt;Response [401]&gt;.status_code</error></testcase><testcase classname="tests.backend_test" name="test_login_wrong_password" time="0.284" /><testcase classname="tests.backend_test" name="test_me" time="0.000"><error message="failed on setup with &quot;AssertionError: {&quot;detail&quot;:&quot;Not Found&quot;}&#10;assert 404 == 200&#10; +  where 404 = &lt;Response [404]&gt;.status_code&quot;">E   AssertionError: {"detail":"Not Found"}
    assert 404 == 200
     +  where 404 = &lt;Response [404]&gt;.status_code</error></testcase><testcase classname="tests.backend_test" name="test_me_no_token" time="0.063" /><testcase classname="tests.backend_test" name="test_update_avatar" time="0.000"><error message="failed on setup with &quot;AssertionError: {&quot;detail&quot;:&quot;Not Found&quot;}&#10;assert 404 == 200&#10; +  where 404 = &lt;Response [404]&gt;.status_code&quot;">E   AssertionError: {"detail":"Not Found"}
    assert 404 == 200
     +  where 404 = &lt;Response [404]&gt;.status_code</error></testcase><testcase classname="tests.backend_test" name="test_subscribe" time="0.000"><error message="failed on setup with &quot;AssertionError: {&quot;detail&quot;:&quot;Not Found&quot;}&#10;assert 404 == 200&#10; +  where 404 = &lt;Response [404]&gt;.status_code&quot;">E   AssertionError: {"detail":"Not Found"}
    assert 404 == 200
     +  where 404 = &lt;Response [404]&gt;.status_code</error></testcase><testcase classname="tests.backend_test" name="test_shows_list" time="0.062" /><testcase classname="tests.backend_test" name="test_show_detail_has_episodes" time="0.135" /><testcase classname="tests.test_rewards" name="test_toggle_unknown_code_404" time="0.044" /><testcase classname="tests.test_rewards" name="test_redeem_product_insufficient_points" time="0.082" /><testcase classname="tests.backend_test" name="test_show_detail_404" time="0.066" /><testcase classname="tests.test_rewards" name="test_redeem_unknown_product" time="0.042" /><testcase classname="tests.backend_test" name="test_admin_create_show_requires_admin" time="0.000"><error message="failed on setup with &quot;AssertionError: {&quot;detail&quot;:&quot;Not Found&quot;}&#10;assert 404 == 200&#10; +  where 404 = &lt;Response [404]&gt;.status_code&quot;">E   AssertionError: {"detail":"Not Found"}
    assert 404 == 200
     +  where 404 = &lt;Response [404]&gt;.status_code</error></testcase><testcase classname="tests.backend_test" name="test_admin_create_show_success" time="0.000"><error message="failed on setup with &quot;AssertionError: {&quot;detail&quot;:&quot;Email sau parolă incorectă&quot;}&#10;assert 401 == 200&#10; +  where 401 = &lt;Response [401]&gt;.status_code&quot;">E   AssertionError: {"detail":"Email sau parolă incorectă"}
    assert 401 == 200
     +  where 401 = &lt;Response [401]&gt;.status_code</error></testcase><testcase classname="tests.test_rewards" name="test_redeem_manual_product_and_admin_fulfill" time="0.780" /><testcase classname="tests.test_rewards" name="test_redeem_plus_invite_generates_voucher" time="0.280" /><testcase classname="tests.test_cinema.TestCinemaAdmin" name="test_admin_get_requires_admin" time="1.180" /><testcase classname="tests.test_rewards" name="test_claim_status_invalid_and_404" time="0.137" /><testcase classname="tests.test_rewards" name="test_admin_endpoints_require_admin" time="0.274" /><testcase classname="tests.test_cinema.TestCinemaAdmin" name="test_admin_get" time="0.667" /><testcase classname="tests.test_cinema.TestCinemaAdmin" name="test_lights_toggle" time="0.474" /><testcase classname="tests.test_cinema.TestCinemaAdmin" name="test_movie_ads_layout" time="0.308" /><testcase classname="tests.test_cinema.TestSeatPicking" name="test_free_user_golden_seat_rejected" time="1.159" /><testcase classname="tests.test_cinema.TestCinemaAdmin" name="test_live_transition_and_position" time="2.165"><failure message="AssertionError: assert 'open' == 'live'&#10;  &#10;  - live&#10;  + open">E   AssertionError: assert 'open' == 'live'
      
      - live
      + open</failure></testcase><testcase classname="tests.test_cinema.TestSeatPicking" name="test_free_user_normal_seat_ok_and_ticket" time="0.068"><failure message="AssertionError: {&quot;detail&quot;:&quot;Sala nu este deschisă pentru alegerea locurilor&quot;}&#10;assert 400 == 200&#10; +  where 400 = &lt;Response [400]&gt;.status_code">E   AssertionError: {"detail":"Sala nu este deschisă pentru alegerea locurilor"}
    assert 400 == 200
     +  where 400 = &lt;Response [400]&gt;.status_code</failure></testcase><testcase classname="tests.test_cinema.TestSeatPicking" name="test_move_seat_frees_old" time="0.085"><failure message="AssertionError: {&quot;detail&quot;:&quot;Sala nu este deschisă pentru alegerea locurilor&quot;}&#10;assert 400 == 200&#10; +  where 400 = &lt;Response [400]&gt;.status_code">E   AssertionError: {"detail":"Sala nu este deschisă pentru alegerea locurilor"}
    assert 400 == 200
     +  where 400 = &lt;Response [400]&gt;.status_code</failure></testcase><testcase classname="tests.test_cinema.TestSeatPicking" name="test_plus_user_can_pick_golden" time="0.471"><failure message="AssertionError: {&quot;detail&quot;:&quot;Sala nu este deschisă pentru alegerea locurilor&quot;}&#10;assert 400 == 200&#10; +  where 400 = &lt;Response [400]&gt;.status_code">E   AssertionError: {"detail":"Sala nu este deschisă pentru alegerea locurilor"}
    assert 400 == 200
     +  where 400 = &lt;Response [400]&gt;.status_code</failure></testcase><testcase classname="tests.test_cinema.TestSeatPicking" name="test_seat_taken_by_other_409" time="0.068"><failure message="assert 400 == 403&#10; +  where 400 = &lt;Response [400]&gt;.status_code">E   assert 400 == 403
     +  where 400 = &lt;Response [400]&gt;.status_code</failure></testcase><testcase classname="tests.test_cinema.TestSeatPicking" name="test_nickname_visible_to_others" time="0.078"><failure message="AssertionError: expected another user's seat&#10;assert []">E   AssertionError: expected another user's seat
    assert []</failure></testcase><testcase classname="tests.test_cinema.TestSeatPicking" name="test_invalid_and_out_of_range_seats" time="0.216" /><testcase classname="tests.test_cinema.TestSeatPicking" name="test_closed_hall_rejects_seat" time="0.061" /><testcase classname="tests.test_cinema.TestSeatPicking" name="test_heartbeat_and_leave" time="0.074"><failure message="assert False is True">E   assert False is True</failure></testcase><testcase classname="tests.test_cinema.TestCinemaList" name="test_list_halls" time="0.070"><failure message="AssertionError: assert 'live' == 'open'&#10;  &#10;  - open&#10;  + live">E   AssertionError: assert 'live' == 'open'
      
      - open
      + live</failure></testcase><testcase classname="tests.test_cinema.TestCinemaList" name="test_list_requires_auth" time="0.106" /><testcase classname="tests.test_cinema.TestCinemaList" name="test_invalid_hall_404" time="0.072" /><testcase classname="tests.test_cinema.TestCinemaList" name="test_hall_state_shape" time="0.067"><failure message="AssertionError: assert ('ads' in {'hall': 1, 'name': 'Sala 1', 'subtitle': 'Cinema Principal', 'poster': '/cinema-sala1.webp', ...})">E   AssertionError: assert ('ads' in {'hall': 1, 'name': 'Sala 1', 'subtitle': 'Cinema Principal', 'poster': '/cinema-sala1.webp', ...})</failure></testcase><testcase classname="tests.test_cinema.TestCinemaChat" name="test_post_and_get" time="0.139" /><testcase classname="tests.test_cinema.TestCinemaChat" name="test_chat_validation" time="0.130" /><testcase classname="tests.test_cinema.TestCinemaChat" name="test_chat_invalid_hall" time="0.065" /><testcase classname="tests.test_cinema.TestTickets" name="test_tickets_listing" time="0.066"><failure message="assert (True and [])&#10; +  where True = isinstance([], list)">E   assert (True and [])
     +  where True = isinstance([], list)</failure></testcase><testcase classname="tests.test_cinema.TestTickets" name="test_tickets_require_auth" time="0.393" /><testcase classname="tests.test_cinema.TestCinemaAdmin" name="test_ended_and_reopen_clears_started_at" time="0.132" /><testcase classname="tests.test_cinema.TestCinemaAdmin" name="test_invalid_status_ignored" time="0.061" /><testcase classname="tests.test_cinema.TestCinemaAdmin" name="test_clear_seats" time="0.194" /><testcase classname="tests.test_cinema.TestCinemaAdmin" name="test_hall2_stays_closed" time="0.058" /><testcase classname="tests.test_cinema.TestCinemaAdmin" name="test_admin_invalid_hall" time="0.285" /></testsuite></testsuites>