<?xml version="1.0" encoding="utf-8"?><testsuites name="pytest tests"><testsuite name="pytest" errors="0" failures="0" skipped="0" tests="22" time="6.197" timestamp="2026-08-26T08:22:23.208616+00:00" hostname="agent-env-a24d1dc1-8c5f-4d9b-b559-5d7a7b94cb87"><testcase classname="tests.test_rewards" name="test_rewards_requires_auth" time="0.532" /><testcase classname="tests.test_rewards" name="test_rewards_payload" time="0.632" /><testcase classname="tests.test_rewards" name="test_admin_voucher_requires_admin" time="0.056" /><testcase classname="tests.test_rewards" name="test_create_points_voucher_format" time="0.835" /><testcase classname="tests.test_rewards" name="test_create_points_voucher_zero_points_rejected" time="0.061" /><testcase classname="tests.test_rewards" name="test_create_voucher_bad_type" time="0.055" /><testcase classname="tests.test_rewards" name="test_create_specific_voucher_requires_email" time="0.109" /><testcase classname="tests.test_rewards" name="test_create_specific_voucher_success" time="0.056" /><testcase classname="tests.test_rewards" name="test_redeem_invalid_code" time="0.055" /><testcase classname="tests.test_rewards" name="test_redeem_empty_code" time="0.053" /><testcase classname="tests.test_rewards" name="test_redeem_points_voucher_and_reuse_guard" time="0.904" /><testcase classname="tests.test_rewards" name="test_universal_max_uses_limit" time="0.186" /><testcase classname="tests.test_rewards" name="test_specific_voucher_only_target" time="0.111" /><testcase classname="tests.test_rewards" name="test_plus_voucher_grants_plus" time="0.166" /><testcase classname="tests.test_rewards" name="test_inactive_voucher_rejected" time="0.275" /><testcase classname="tests.test_rewards" name="test_toggle_unknown_code_404" time="0.055" /><testcase classname="tests.test_rewards" name="test_redeem_product_insufficient_points" time="0.055" /><testcase classname="tests.test_rewards" name="test_redeem_unknown_product" time="0.054" /><testcase classname="tests.test_rewards" name="test_redeem_manual_product_and_admin_fulfill" time="0.432" /><testcase classname="tests.test_rewards" name="test_redeem_plus_invite_generates_voucher" time="0.300" /><testcase classname="tests.test_rewards" name="test_claim_status_invalid_and_404" time="0.166" /><testcase classname="tests.test_rewards" name="test_admin_endpoints_require_admin" time="0.112" /></testsuite></testsuites>