<?xml version="1.0" encoding="utf-8"?><testsuites name="pytest tests"><testsuite name="pytest" errors="0" failures="0" skipped="1" tests="28" time="2.518" timestamp="2026-07-02T12:25:49.809577+00:00" hostname="agent-env-97ef407f-6e67-4819-8c55-d931459475b9"><testcase classname="tests.test_shop.TestShopPublic" name="test_shop_config" time="0.008" /><testcase classname="tests.test_shop.TestShopPublic" name="test_list_products" time="0.004" /><testcase classname="tests.test_shop.TestShopPublic" name="test_list_products_category_filter" time="0.006" /><testcase classname="tests.test_shop.TestShopPublic" name="test_list_products_sort_price_asc" time="0.003" /><testcase classname="tests.test_shop.TestShopPublic" name="test_list_products_sort_price_desc" time="0.003" /><testcase classname="tests.test_shop.TestShopPublic" name="test_list_products_search" time="0.007" /><testcase classname="tests.test_shop.TestShopPublic" name="test_get_single_product" time="0.005" /><testcase classname="tests.test_shop.TestShopPublic" name="test_get_product_404" time="0.002" /><testcase classname="tests.test_shop.TestCheckout" name="test_checkout_requires_auth" time="0.002" /><testcase classname="tests.test_shop.TestCheckout" name="test_checkout_success_free_shipping" time="1.103"><skipped type="pytest.xfail" message="Known bug: emergentintegrations get_checkout_status returns 500 due to StripeObject metadata pydantic validation" /></testcase><testcase classname="tests.test_shop.TestCheckout" name="test_checkout_paid_shipping" time="0.446" /><testcase classname="tests.test_shop.TestCheckout" name="test_checkout_stock_insufficient" time="0.237" /><testcase classname="tests.test_shop.TestOrders" name="test_my_orders" time="0.003" /><testcase classname="tests.test_shop.TestOrders" name="test_my_orders_requires_auth" time="0.002" /><testcase classname="tests.test_shop.TestReviews" name="test_review_gating_no_purchase" time="0.010" /><testcase classname="tests.test_shop.TestReviews" name="test_review_positive_path" time="0.031" /><testcase classname="tests.test_shop.TestAdminAccess" name="test_admin_products_forbidden_for_user" time="0.003" /><testcase classname="tests.test_shop.TestAdminAccess" name="test_admin_orders_forbidden_for_user" time="0.003" /><testcase classname="tests.test_shop.TestAdminAccess" name="test_admin_settings_forbidden_for_user" time="0.003" /><testcase classname="tests.test_shop.TestAdminAccess" name="test_admin_stats_forbidden_for_user" time="0.003" /><testcase classname="tests.test_shop.TestAdminProducts" name="test_admin_product_crud" time="0.016" /><testcase classname="tests.test_shop.TestAdminProducts" name="test_admin_upload_image" time="0.003" /><testcase classname="tests.test_shop.TestAdminOrders" name="test_admin_list_orders" time="0.003" /><testcase classname="tests.test_shop.TestAdminOrders" name="test_admin_list_orders_filter" time="0.003" /><testcase classname="tests.test_shop.TestAdminOrders" name="test_admin_update_order_status" time="0.392" /><testcase classname="tests.test_shop.TestAdminReviews" name="test_admin_list_reviews" time="0.003" /><testcase classname="tests.test_shop.TestAdminSettings" name="test_admin_get_and_update_settings" time="0.011" /><testcase classname="tests.test_shop.TestAdminStats" name="test_admin_stats" time="0.004" /></testsuite></testsuites>